<?xml version="1.0" encoding="UTF-8"?>
<!-- Generated by org.testng.reporters.JUnitXMLReporter -->
<testsuite ignored="0" hostname="DESKTOP-640MS01" failures="0" tests="4" name="Default test" time="9.702" errors="0" timestamp="2022-06-19T12:30:15 ART">
  <testcase classname="Pruebas.Laboratorio7Test" name="alertaConfirmacion" time="0.065"/>
  <testcase classname="Pruebas.Laboratorio7Test" name="alertaEscribir" time="0.093"/>
  <testcase classname="Pruebas.Laboratorio7Test" name="alertaEspera" time="5.205"/>
  <testcase classname="Pruebas.Laboratorio7Test" name="alertaNotificacion" time="0.059"/>
</testsuite> <!-- Default test -->
