<?xml version="1.0" encoding="UTF-8"?>
<!-- Generated by org.testng.reporters.JUnitXMLReporter -->
<testsuite ignored="0" hostname="DESKTOP-640MS01" failures="0" tests="4" name="Default test" time="9.667" errors="0" timestamp="2022-06-19T12:20:19 ART">
  <testcase classname="Pruebas.Laboratorio7Test" name="alertaConfirmacion" time="0.07"/>
  <testcase classname="Pruebas.Laboratorio7Test" name="alertaEscribir" time="0.088"/>
  <testcase classname="Pruebas.Laboratorio7Test" name="alertaEspera" time="5.222"/>
  <testcase classname="Pruebas.Laboratorio7Test" name="alertaNotificacion" time="0.063"/>
</testsuite> <!-- Default test -->
