<?xml version="1.0" encoding="UTF-8"?>
<!-- Generated by org.testng.reporters.JUnitXMLReporter -->
<testsuite ignored="0" hostname="DESKTOP-640MS01" failures="0" tests="7" name="Test" time="94.412" errors="0" timestamp="2022-06-11T09:56:52 ART">
  <testcase classname="Edit.EducacionIT_clase_1.Laboratorio2" name="registrarUsuario" time="11.652"/>
  <testcase classname="Edit.EducacionIT_clase_1.AppTest" name="lab1_test" time="0.001"/>
  <testcase classname="Edit.EducacionIT_clase_1.Laboratorio1" name="buscarEnChome" time="22.873"/>
  <testcase classname="Edit.EducacionIT_clase_1.Laboratorio1" name="buscarEnFirefox" time="18.287"/>
  <testcase classname="Edit.EducacionIT_clase_1.Laboratorio3" name="buscarPalabra" time="6.635"/>
  <testcase classname="Edit.EducacionIT_clase_1.Laboratorio3" name="irAContactos" time="11.045"/>
  <testcase classname="Edit.EducacionIT_clase_1.MobileEmulation" name="testMobileEmulation" time="23.869"/>
</testsuite> <!-- Test -->
