<?xml version="1.0" encoding="UTF-8"?>
<testng-results ignored="0" total="4" passed="4" failed="0" skipped="0">
  <reporter-output>
  </reporter-output>
  <suite started-at="2022-06-19T12:20:09 ART" name="Default suite" finished-at="2022-06-19T12:20:19 ART" duration-ms="9667">
    <groups>
    </groups>
    <test started-at="2022-06-19T12:20:09 ART" name="Default test" finished-at="2022-06-19T12:20:19 ART" duration-ms="9667">
      <class name="Pruebas.Laboratorio7Test">
        <test-method is-config="true" signature="abrirPagina()[pri:0, instance:Pruebas.Laboratorio7Test@692f203f]" started-at="2022-06-19T12:20:02 ART" name="abrirPagina" finished-at="2022-06-19T12:20:09 ART" duration-ms="6734" status="PASS">
          <reporter-output>
          </reporter-output>
        </test-method> <!-- abrirPagina -->
        <test-method signature="alertaConfirmacion()[pri:0, instance:Pruebas.Laboratorio7Test@692f203f]" started-at="2022-06-19T12:20:09 ART" name="alertaConfirmacion" finished-at="2022-06-19T12:20:09 ART" duration-ms="70" status="PASS">
          <reporter-output>
          </reporter-output>
        </test-method> <!-- alertaConfirmacion -->
        <test-method signature="alertaEscribir()[pri:0, instance:Pruebas.Laboratorio7Test@692f203f]" started-at="2022-06-19T12:20:09 ART" name="alertaEscribir" finished-at="2022-06-19T12:20:09 ART" duration-ms="88" status="PASS">
          <reporter-output>
          </reporter-output>
        </test-method> <!-- alertaEscribir -->
        <test-method signature="alertaEspera()[pri:0, instance:Pruebas.Laboratorio7Test@692f203f]" started-at="2022-06-19T12:20:09 ART" name="alertaEspera" finished-at="2022-06-19T12:20:15 ART" duration-ms="5222" status="PASS">
          <reporter-output>
          </reporter-output>
        </test-method> <!-- alertaEspera -->
        <test-method signature="alertaNotificacion()[pri:0, instance:Pruebas.Laboratorio7Test@692f203f]" started-at="2022-06-19T12:20:15 ART" name="alertaNotificacion" finished-at="2022-06-19T12:20:15 ART" duration-ms="63" status="PASS">
          <reporter-output>
          </reporter-output>
        </test-method> <!-- alertaNotificacion -->
        <test-method is-config="true" signature="cierreNavegador()[pri:0, instance:Pruebas.Laboratorio7Test@692f203f]" started-at="2022-06-19T12:20:15 ART" name="cierreNavegador" finished-at="2022-06-19T12:20:19 ART" duration-ms="4172" status="PASS">
          <reporter-output>
          </reporter-output>
        </test-method> <!-- cierreNavegador -->
      </class> <!-- Pruebas.Laboratorio7Test -->
    </test> <!-- Default test -->
  </suite> <!-- Default suite -->
</testng-results>
