<?xml version="1.0" encoding="UTF-8"?>
<testng-results ignored="0" total="1" passed="1" failed="0" skipped="0">
  <reporter-output>
  </reporter-output>
  <suite started-at="2022-06-19T11:52:19 ART" name="Default suite" finished-at="2022-06-19T11:52:29 ART" duration-ms="10426">
    <groups>
    </groups>
    <test started-at="2022-06-19T11:52:19 ART" name="Default test" finished-at="2022-06-19T11:52:29 ART" duration-ms="10426">
      <class name="Cuspide.Prueba1Test">
        <test-method signature="abrirPagina()[pri:0, instance:Cuspide.Prueba1Test@128d2484]" started-at="2022-06-19T11:52:19 ART" name="abrirPagina" finished-at="2022-06-19T11:52:29 ART" duration-ms="10275" status="PASS">
          <reporter-output>
          </reporter-output>
        </test-method> <!-- abrirPagina -->
        <test-method is-config="true" signature="cierreNavegador()[pri:0, instance:Cuspide.Prueba1Test@128d2484]" started-at="2022-06-19T11:52:29 ART" name="cierreNavegador" finished-at="2022-06-19T11:52:29 ART" duration-ms="110" status="PASS">
          <reporter-output>
          </reporter-output>
        </test-method> <!-- cierreNavegador -->
      </class> <!-- Cuspide.Prueba1Test -->
    </test> <!-- Default test -->
  </suite> <!-- Default suite -->
</testng-results>
